build/app/intermediates/manifest_merge_blame_file/debug/manifest-merger-blame-debug-report.txt
1<?xml version="1.0" encoding="utf-8"?>
2<manifest xmlns:android="http://schemas.android.com/apk/res/android"
3    package="com.example.tasks_time_tracker"
4    android:versionCode="1"
5    android:versionName="1.0.0" >
6
7    <uses-sdk
8        android:minSdkVersion="21"
9        android:targetSdkVersion="30" />
10    <!--
11         Flutter needs it to communicate with the running application
12         to allow setting breakpoints, to provide hot reload, etc.
13    -->
14    <uses-permission android:name="android.permission.INTERNET" />
14-->src/main/AndroidManifest.xml:4:5-67
14-->src/main/AndroidManifest.xml:4:22-64
15    <uses-permission android:name="android.permission.ACCESS_NETWORK_STATE" />
15-->[com.google.firebase:firebase-auth:21.0.1] AndroidManifest.xml:24:5-79
15-->[com.google.firebase:firebase-auth:21.0.1] AndroidManifest.xml:24:22-76
16    <uses-permission android:name="android.permission.WAKE_LOCK" />
16-->[com.google.android.gms:play-services-measurement-api:20.0.2] AndroidManifest.xml:24:5-68
16-->[com.google.android.gms:play-services-measurement-api:20.0.2] AndroidManifest.xml:24:22-65
17    <uses-permission android:name="com.google.android.finsky.permission.BIND_GET_INSTALL_REFERRER_SERVICE" /> <!-- Include required permissions for Advertising Id -->
17-->[com.google.android.gms:play-services-measurement:20.0.2] AndroidManifest.xml:26:5-110
17-->[com.google.android.gms:play-services-measurement:20.0.2] AndroidManifest.xml:26:22-107
18    <uses-permission android:name="com.google.android.gms.permission.AD_ID" />
18-->[com.google.android.gms:play-services-ads-identifier:18.0.0] AndroidManifest.xml:23:5-79
18-->[com.google.android.gms:play-services-ads-identifier:18.0.0] AndroidManifest.xml:23:22-76
19
20    <application
20-->src/main/AndroidManifest.xml:6:5-62:19
21        android:appComponentFactory="androidx.core.app.CoreComponentFactory"
21-->[androidx.core:core:1.3.2] AndroidManifest.xml:24:18-86
22        android:debuggable="true"
23        android:icon="@mipmap/ic_launcher"
23-->src/main/AndroidManifest.xml:7:9-43
24        android:label="time_tracker"
24-->src/main/AndroidManifest.xml:8:9-37
25        android:supportsRtl="true" >
25-->[com.facebook.android:facebook-login:12.0.1] AndroidManifest.xml:28:18-44
26        <activity
26-->src/main/AndroidManifest.xml:9:9-36:20
27            android:name="com.example.tasks_time_tracker.MainActivity"
27-->src/main/AndroidManifest.xml:10:13-41
28            android:configChanges="orientation|keyboardHidden|keyboard|screenSize|smallestScreenSize|locale|layoutDirection|fontScale|screenLayout|density|uiMode"
28-->src/main/AndroidManifest.xml:11:13-163
29            android:hardwareAccelerated="true"
29-->src/main/AndroidManifest.xml:12:13-47
30            android:launchMode="singleTop"
30-->src/main/AndroidManifest.xml:13:13-43
31            android:theme="@style/LaunchTheme"
31-->src/main/AndroidManifest.xml:14:13-47
32            android:windowSoftInputMode="adjustResize" >
32-->src/main/AndroidManifest.xml:15:13-55
33
34            <!--
35                 Specifies an Android theme to apply to this Activity as soon as
36                 the Android process has started. This theme is visible to the user
37                 while the Flutter UI initializes. After that, this theme continues
38                 to determine the Window background behind the Flutter UI.
39            -->
40            <meta-data
40-->src/main/AndroidManifest.xml:20:13-22:57
41                android:name="io.flutter.embedding.android.NormalTheme"
41-->src/main/AndroidManifest.xml:21:17-72
42                android:resource="@style/NormalTheme" />
42-->src/main/AndroidManifest.xml:22:17-54
43
44            <!--
45                 Displays an Android View that continues showing the launch screen
46                 Drawable until Flutter paints its first frame, then this splash
47                 screen fades out. A splash screen is useful to avoid any visual
48                 gap between the end of Android's launch screen and the painting of
49                 Flutter's first frame.
50            -->
51            <meta-data
51-->src/main/AndroidManifest.xml:29:13-31:66
52                android:name="io.flutter.embedding.android.SplashScreenDrawable"
52-->src/main/AndroidManifest.xml:30:17-81
53                android:resource="@drawable/launch_background" />
53-->src/main/AndroidManifest.xml:31:17-63
54
55            <intent-filter>
55-->src/main/AndroidManifest.xml:32:13-35:29
56                <action android:name="android.intent.action.MAIN" />
56-->src/main/AndroidManifest.xml:33:17-69
56-->src/main/AndroidManifest.xml:33:25-66
57
58                <category android:name="android.intent.category.LAUNCHER" />
58-->src/main/AndroidManifest.xml:34:17-77
58-->src/main/AndroidManifest.xml:34:27-74
59            </intent-filter>
60        </activity>
61
62        <meta-data
62-->src/main/AndroidManifest.xml:37:9-39:55
63            android:name="com.facebook.sdk.ApplicationId"
63-->src/main/AndroidManifest.xml:38:13-58
64            android:value="@string/facebook_app_id" />
64-->src/main/AndroidManifest.xml:39:13-52
65
66        <activity
66-->src/main/AndroidManifest.xml:41:9-44:48
67            android:name="com.facebook.FacebookActivity"
67-->src/main/AndroidManifest.xml:42:13-57
68            android:configChanges="keyboard|keyboardHidden|screenLayout|screenSize|orientation"
68-->src/main/AndroidManifest.xml:43:13-96
69            android:label="@string/app_name"
69-->src/main/AndroidManifest.xml:44:13-45
70            android:theme="@style/com_facebook_activity_theme" />
70-->[com.facebook.android:facebook-common:12.0.1] AndroidManifest.xml:33:13-63
71        <activity
71-->src/main/AndroidManifest.xml:45:9-55:20
72            android:name="com.facebook.CustomTabActivity"
72-->src/main/AndroidManifest.xml:46:13-58
73            android:exported="true" >
73-->src/main/AndroidManifest.xml:47:13-36
74            <intent-filter>
74-->src/main/AndroidManifest.xml:48:13-54:29
75                <action android:name="android.intent.action.VIEW" />
75-->src/main/AndroidManifest.xml:48:28-80
75-->src/main/AndroidManifest.xml:48:36-77
76
77                <category android:name="android.intent.category.DEFAULT" />
77-->src/main/AndroidManifest.xml:50:17-76
77-->src/main/AndroidManifest.xml:50:27-73
78                <category android:name="android.intent.category.BROWSABLE" />
78-->src/main/AndroidManifest.xml:51:17-78
78-->src/main/AndroidManifest.xml:51:27-75
79
80                <data android:scheme="@string/fb_login_protocol_scheme" />
80-->src/main/AndroidManifest.xml:53:17-75
80-->src/main/AndroidManifest.xml:53:23-72
81            </intent-filter>
82            <intent-filter>
82-->[com.facebook.android:facebook-common:12.0.1] AndroidManifest.xml:39:13-48:29
83                <action android:name="android.intent.action.VIEW" />
83-->src/main/AndroidManifest.xml:48:28-80
83-->src/main/AndroidManifest.xml:48:36-77
84
85                <category android:name="android.intent.category.DEFAULT" />
85-->src/main/AndroidManifest.xml:50:17-76
85-->src/main/AndroidManifest.xml:50:27-73
86                <category android:name="android.intent.category.BROWSABLE" />
86-->src/main/AndroidManifest.xml:51:17-78
86-->src/main/AndroidManifest.xml:51:27-75
87
88                <data
88-->src/main/AndroidManifest.xml:53:17-75
89                    android:host="cct.com.example.tasks_time_tracker"
90                    android:scheme="fbconnect" />
90-->src/main/AndroidManifest.xml:53:23-72
91            </intent-filter>
92        </activity>
93
94        <!--
95             Don't delete the meta-data below.
96             This is used by the Flutter tool to generate GeneratedPluginRegistrant.java
97        -->
98        <meta-data
98-->src/main/AndroidManifest.xml:59:9-61:33
99            android:name="flutterEmbedding"
99-->src/main/AndroidManifest.xml:60:13-44
100            android:value="2" />
100-->src/main/AndroidManifest.xml:61:13-30
101
102        <service
102-->[:firebase_auth] AndroidManifest.xml:8:9-12:19
103            android:name="com.google.firebase.components.ComponentDiscoveryService"
103-->[:firebase_auth] AndroidManifest.xml:8:18-89
104            android:directBootAware="true"
104-->[com.google.firebase:firebase-common:20.0.0] AndroidManifest.xml:35:13-43
105            android:exported="false" >
105-->[com.google.firebase:firebase-analytics-ktx:20.0.2] AndroidManifest.xml:10:13-37
106            <meta-data
106-->[:firebase_auth] AndroidManifest.xml:9:13-11:85
107                android:name="com.google.firebase.components:io.flutter.plugins.firebase.auth.FlutterFirebaseAuthRegistrar"
107-->[:firebase_auth] AndroidManifest.xml:10:17-124
108                android:value="com.google.firebase.components.ComponentRegistrar" />
108-->[:firebase_auth] AndroidManifest.xml:11:17-82
109            <meta-data
109-->[:firebase_core] AndroidManifest.xml:9:13-11:85
110                android:name="com.google.firebase.components:io.flutter.plugins.firebase.core.FlutterFirebaseCoreRegistrar"
110-->[:firebase_core] AndroidManifest.xml:10:17-124
111                android:value="com.google.firebase.components.ComponentRegistrar" />
111-->[:firebase_core] AndroidManifest.xml:11:17-82
112            <meta-data
112-->[com.google.firebase:firebase-analytics-ktx:20.0.2] AndroidManifest.xml:11:13-13:85
113                android:name="com.google.firebase.components:com.google.firebase.analytics.ktx.FirebaseAnalyticsKtxRegistrar"
113-->[com.google.firebase:firebase-analytics-ktx:20.0.2] AndroidManifest.xml:12:17-126
114                android:value="com.google.firebase.components.ComponentRegistrar" />
114-->[com.google.firebase:firebase-analytics-ktx:20.0.2] AndroidManifest.xml:13:17-82
115            <meta-data
115-->[com.google.firebase:firebase-common-ktx:20.0.0] AndroidManifest.xml:15:13-17:85
116                android:name="com.google.firebase.components:com.google.firebase.ktx.FirebaseCommonKtxRegistrar"
116-->[com.google.firebase:firebase-common-ktx:20.0.0] AndroidManifest.xml:16:17-113
117                android:value="com.google.firebase.components.ComponentRegistrar" />
117-->[com.google.firebase:firebase-common-ktx:20.0.0] AndroidManifest.xml:17:17-82
118            <meta-data
118-->[com.google.firebase:firebase-auth:21.0.1] AndroidManifest.xml:77:13-79:85
119                android:name="com.google.firebase.components:com.google.firebase.auth.FirebaseAuthRegistrar"
119-->[com.google.firebase:firebase-auth:21.0.1] AndroidManifest.xml:78:17-109
120                android:value="com.google.firebase.components.ComponentRegistrar" />
120-->[com.google.firebase:firebase-auth:21.0.1] AndroidManifest.xml:79:17-82
121            <meta-data
121-->[com.google.android.gms:play-services-measurement-api:20.0.2] AndroidManifest.xml:30:13-32:85
122                android:name="com.google.firebase.components:com.google.firebase.analytics.connector.internal.AnalyticsConnectorRegistrar"
122-->[com.google.android.gms:play-services-measurement-api:20.0.2] AndroidManifest.xml:31:17-139
123                android:value="com.google.firebase.components.ComponentRegistrar" />
123-->[com.google.android.gms:play-services-measurement-api:20.0.2] AndroidManifest.xml:32:17-82
124            <meta-data
124-->[com.google.firebase:firebase-installations:17.0.0] AndroidManifest.xml:18:13-20:85
125                android:name="com.google.firebase.components:com.google.firebase.installations.FirebaseInstallationsRegistrar"
125-->[com.google.firebase:firebase-installations:17.0.0] AndroidManifest.xml:19:17-127
126                android:value="com.google.firebase.components.ComponentRegistrar" />
126-->[com.google.firebase:firebase-installations:17.0.0] AndroidManifest.xml:20:17-82
127        </service>
128
129        <activity android:name="com.facebook.CustomTabMainActivity" />
129-->[com.facebook.android:facebook-common:12.0.1] AndroidManifest.xml:34:9-71
129-->[com.facebook.android:facebook-common:12.0.1] AndroidManifest.xml:34:19-68
130        <!--
131         The initialization ContentProvider will call FacebookSdk.sdkInitialize automatically
132         with the application context. This config is merged in with the host app's manifest,
133         but there can only be one provider with the same authority activated at any given
134         point; so if the end user has two or more different apps that use Facebook SDK, only the
135         first one will be able to use the provider. To work around this problem, we use the
136         following placeholder in the authority to identify each host application as if it was
137         a completely different provider.
138        -->
139        <provider
139-->[com.facebook.android:facebook-core:12.0.1] AndroidManifest.xml:39:9-42:40
140            android:name="com.facebook.internal.FacebookInitProvider"
140-->[com.facebook.android:facebook-core:12.0.1] AndroidManifest.xml:40:13-70
141            android:authorities="com.example.tasks_time_tracker.FacebookInitProvider"
141-->[com.facebook.android:facebook-core:12.0.1] AndroidManifest.xml:41:13-72
142            android:exported="false" />
142-->[com.facebook.android:facebook-core:12.0.1] AndroidManifest.xml:42:13-37
143
144        <receiver
144-->[com.facebook.android:facebook-core:12.0.1] AndroidManifest.xml:44:9-50:20
145            android:name="com.facebook.CurrentAccessTokenExpirationBroadcastReceiver"
145-->[com.facebook.android:facebook-core:12.0.1] AndroidManifest.xml:45:13-86
146            android:exported="false" >
146-->[com.facebook.android:facebook-core:12.0.1] AndroidManifest.xml:46:13-37
147            <intent-filter>
147-->[com.facebook.android:facebook-core:12.0.1] AndroidManifest.xml:47:13-49:29
148                <action android:name="com.facebook.sdk.ACTION_CURRENT_ACCESS_TOKEN_CHANGED" />
148-->[com.facebook.android:facebook-core:12.0.1] AndroidManifest.xml:48:17-95
148-->[com.facebook.android:facebook-core:12.0.1] AndroidManifest.xml:48:25-92
149            </intent-filter>
150        </receiver>
151        <receiver
151-->[com.facebook.android:facebook-core:12.0.1] AndroidManifest.xml:51:9-57:20
152            android:name="com.facebook.AuthenticationTokenManager$CurrentAuthenticationTokenChangedBroadcastReceiver"
152-->[com.facebook.android:facebook-core:12.0.1] AndroidManifest.xml:52:13-118
153            android:exported="false" >
153-->[com.facebook.android:facebook-core:12.0.1] AndroidManifest.xml:53:13-37
154            <intent-filter>
154-->[com.facebook.android:facebook-core:12.0.1] AndroidManifest.xml:54:13-56:29
155                <action android:name="com.facebook.sdk.ACTION_CURRENT_AUTHENTICATION_TOKEN_CHANGED" />
155-->[com.facebook.android:facebook-core:12.0.1] AndroidManifest.xml:55:17-103
155-->[com.facebook.android:facebook-core:12.0.1] AndroidManifest.xml:55:25-100
156            </intent-filter>
157        </receiver>
158
159        <activity
159-->[com.google.firebase:firebase-auth:21.0.1] AndroidManifest.xml:27:9-44:20
160            android:name="com.google.firebase.auth.internal.GenericIdpActivity"
160-->[com.google.firebase:firebase-auth:21.0.1] AndroidManifest.xml:28:13-80
161            android:excludeFromRecents="true"
161-->[com.google.firebase:firebase-auth:21.0.1] AndroidManifest.xml:29:13-46
162            android:exported="true"
162-->[com.google.firebase:firebase-auth:21.0.1] AndroidManifest.xml:30:13-36
163            android:launchMode="singleTask"
163-->[com.google.firebase:firebase-auth:21.0.1] AndroidManifest.xml:31:13-44
164            android:theme="@android:style/Theme.Translucent.NoTitleBar" >
164-->[com.google.firebase:firebase-auth:21.0.1] AndroidManifest.xml:32:13-72
165            <intent-filter>
165-->[com.google.firebase:firebase-auth:21.0.1] AndroidManifest.xml:33:13-43:29
166                <action android:name="android.intent.action.VIEW" />
166-->src/main/AndroidManifest.xml:48:28-80
166-->src/main/AndroidManifest.xml:48:36-77
167
168                <category android:name="android.intent.category.DEFAULT" />
168-->src/main/AndroidManifest.xml:50:17-76
168-->src/main/AndroidManifest.xml:50:27-73
169                <category android:name="android.intent.category.BROWSABLE" />
169-->src/main/AndroidManifest.xml:51:17-78
169-->src/main/AndroidManifest.xml:51:27-75
170
171                <data
171-->src/main/AndroidManifest.xml:53:17-75
172                    android:host="firebase.auth"
173                    android:path="/"
174                    android:scheme="genericidp" />
174-->src/main/AndroidManifest.xml:53:23-72
175            </intent-filter>
176        </activity>
177        <activity
177-->[com.google.firebase:firebase-auth:21.0.1] AndroidManifest.xml:45:9-62:20
178            android:name="com.google.firebase.auth.internal.RecaptchaActivity"
178-->[com.google.firebase:firebase-auth:21.0.1] AndroidManifest.xml:46:13-79
179            android:excludeFromRecents="true"
179-->[com.google.firebase:firebase-auth:21.0.1] AndroidManifest.xml:47:13-46
180            android:exported="true"
180-->[com.google.firebase:firebase-auth:21.0.1] AndroidManifest.xml:48:13-36
181            android:launchMode="singleTask"
181-->[com.google.firebase:firebase-auth:21.0.1] AndroidManifest.xml:49:13-44
182            android:theme="@android:style/Theme.Translucent.NoTitleBar" >
182-->[com.google.firebase:firebase-auth:21.0.1] AndroidManifest.xml:50:13-72
183            <intent-filter>
183-->[com.google.firebase:firebase-auth:21.0.1] AndroidManifest.xml:51:13-61:29
184                <action android:name="android.intent.action.VIEW" />
184-->src/main/AndroidManifest.xml:48:28-80
184-->src/main/AndroidManifest.xml:48:36-77
185
186                <category android:name="android.intent.category.DEFAULT" />
186-->src/main/AndroidManifest.xml:50:17-76
186-->src/main/AndroidManifest.xml:50:27-73
187                <category android:name="android.intent.category.BROWSABLE" />
187-->src/main/AndroidManifest.xml:51:17-78
187-->src/main/AndroidManifest.xml:51:27-75
188
189                <data
189-->src/main/AndroidManifest.xml:53:17-75
190                    android:host="firebase.auth"
191                    android:path="/"
192                    android:scheme="recaptcha" />
192-->src/main/AndroidManifest.xml:53:23-72
193            </intent-filter>
194        </activity>
195
196        <service
196-->[com.google.firebase:firebase-auth:21.0.1] AndroidManifest.xml:64:9-73:19
197            android:name="com.google.firebase.auth.api.fallback.service.FirebaseAuthFallbackService"
197-->[com.google.firebase:firebase-auth:21.0.1] AndroidManifest.xml:65:13-101
198            android:enabled="true"
198-->[com.google.firebase:firebase-auth:21.0.1] AndroidManifest.xml:66:13-35
199            android:exported="false" >
199-->[com.google.firebase:firebase-auth:21.0.1] AndroidManifest.xml:67:13-37
200            <intent-filter>
200-->[com.google.firebase:firebase-auth:21.0.1] AndroidManifest.xml:68:13-72:29
201                <action android:name="com.google.firebase.auth.api.gms.service.START" />
201-->[com.google.firebase:firebase-auth:21.0.1] AndroidManifest.xml:69:17-89
201-->[com.google.firebase:firebase-auth:21.0.1] AndroidManifest.xml:69:25-86
202
203                <category android:name="android.intent.category.DEFAULT" />
203-->src/main/AndroidManifest.xml:50:17-76
203-->src/main/AndroidManifest.xml:50:27-73
204            </intent-filter>
205        </service>
206
207        <provider
207-->[com.google.firebase:firebase-common:20.0.0] AndroidManifest.xml:26:9-31:39
208            android:name="com.google.firebase.provider.FirebaseInitProvider"
208-->[com.google.firebase:firebase-common:20.0.0] AndroidManifest.xml:27:13-77
209            android:authorities="com.example.tasks_time_tracker.firebaseinitprovider"
209-->[com.google.firebase:firebase-common:20.0.0] AndroidManifest.xml:28:13-72
210            android:directBootAware="true"
210-->[com.google.firebase:firebase-common:20.0.0] AndroidManifest.xml:29:13-43
211            android:exported="false"
211-->[com.google.firebase:firebase-common:20.0.0] AndroidManifest.xml:30:13-37
212            android:initOrder="100" />
212-->[com.google.firebase:firebase-common:20.0.0] AndroidManifest.xml:31:13-36
213
214        <receiver
214-->[com.google.android.gms:play-services-measurement:20.0.2] AndroidManifest.xml:29:9-33:20
215            android:name="com.google.android.gms.measurement.AppMeasurementReceiver"
215-->[com.google.android.gms:play-services-measurement:20.0.2] AndroidManifest.xml:30:13-85
216            android:enabled="true"
216-->[com.google.android.gms:play-services-measurement:20.0.2] AndroidManifest.xml:31:13-35
217            android:exported="false" >
217-->[com.google.android.gms:play-services-measurement:20.0.2] AndroidManifest.xml:32:13-37
218        </receiver>
219
220        <service
220-->[com.google.android.gms:play-services-measurement:20.0.2] AndroidManifest.xml:35:9-38:40
221            android:name="com.google.android.gms.measurement.AppMeasurementService"
221-->[com.google.android.gms:play-services-measurement:20.0.2] AndroidManifest.xml:36:13-84
222            android:enabled="true"
222-->[com.google.android.gms:play-services-measurement:20.0.2] AndroidManifest.xml:37:13-35
223            android:exported="false" />
223-->[com.google.android.gms:play-services-measurement:20.0.2] AndroidManifest.xml:38:13-37
224        <service
224-->[com.google.android.gms:play-services-measurement:20.0.2] AndroidManifest.xml:39:9-43:72
225            android:name="com.google.android.gms.measurement.AppMeasurementJobService"
225-->[com.google.android.gms:play-services-measurement:20.0.2] AndroidManifest.xml:40:13-87
226            android:enabled="true"
226-->[com.google.android.gms:play-services-measurement:20.0.2] AndroidManifest.xml:41:13-35
227            android:exported="false"
227-->[com.google.android.gms:play-services-measurement:20.0.2] AndroidManifest.xml:42:13-37
228            android:permission="android.permission.BIND_JOB_SERVICE" />
228-->[com.google.android.gms:play-services-measurement:20.0.2] AndroidManifest.xml:43:13-69
229
230        <activity
230-->[com.google.android.gms:play-services-auth:20.0.1] AndroidManifest.xml:23:9-27:75
231            android:name="com.google.android.gms.auth.api.signin.internal.SignInHubActivity"
231-->[com.google.android.gms:play-services-auth:20.0.1] AndroidManifest.xml:24:13-93
232            android:excludeFromRecents="true"
232-->[com.google.android.gms:play-services-auth:20.0.1] AndroidManifest.xml:25:13-46
233            android:exported="false"
233-->[com.google.android.gms:play-services-auth:20.0.1] AndroidManifest.xml:26:13-37
234            android:theme="@android:style/Theme.Translucent.NoTitleBar" />
234-->[com.google.android.gms:play-services-auth:20.0.1] AndroidManifest.xml:27:13-72
235        <!--
236            Service handling Google Sign-In user revocation. For apps that do not integrate with
237            Google Sign-In, this service will never be started.
238        -->
239        <service
239-->[com.google.android.gms:play-services-auth:20.0.1] AndroidManifest.xml:33:9-37:51
240            android:name="com.google.android.gms.auth.api.signin.RevocationBoundService"
240-->[com.google.android.gms:play-services-auth:20.0.1] AndroidManifest.xml:34:13-89
241            android:exported="true"
241-->[com.google.android.gms:play-services-auth:20.0.1] AndroidManifest.xml:35:13-36
242            android:permission="com.google.android.gms.auth.api.signin.permission.REVOCATION_NOTIFICATION"
242-->[com.google.android.gms:play-services-auth:20.0.1] AndroidManifest.xml:36:13-107
243            android:visibleToInstantApps="true" />
243-->[com.google.android.gms:play-services-auth:20.0.1] AndroidManifest.xml:37:13-48
244
245        <activity
245-->[com.google.android.gms:play-services-base:18.0.1] AndroidManifest.xml:20:9-22:45
246            android:name="com.google.android.gms.common.api.GoogleApiActivity"
246-->[com.google.android.gms:play-services-base:18.0.1] AndroidManifest.xml:20:19-85
247            android:exported="false"
247-->[com.google.android.gms:play-services-base:18.0.1] AndroidManifest.xml:22:19-43
248            android:theme="@android:style/Theme.Translucent.NoTitleBar" />
248-->[com.google.android.gms:play-services-base:18.0.1] AndroidManifest.xml:21:19-78
249
250        <meta-data
250-->[com.google.android.gms:play-services-basement:18.0.0] AndroidManifest.xml:21:9-23:69
251            android:name="com.google.android.gms.version"
251-->[com.google.android.gms:play-services-basement:18.0.0] AndroidManifest.xml:22:13-58
252            android:value="@integer/google_play_services_version" />
252-->[com.google.android.gms:play-services-basement:18.0.0] AndroidManifest.xml:23:13-66
253    </application>
254
255</manifest>